<?xml version="1.0" encoding="UTF-8" standalone="yes"?><!DOCTYPE report PUBLIC "-//JACOCO//DTD Report 1.1//EN" "report.dtd"><report name="parking-system"><sessioninfo id="copperroyal-coolconduct-624b0c26" start="1678903639799" dump="1678903642043"/><sessioninfo id="copperroyal-coolconduct-5fb31f54" start="1678903671887" dump="1678903674231"/><sessioninfo id="copperroyal-coolconduct-29138bcc" start="1678903685791" dump="1678903688062"/><sessioninfo id="copperroyal-coolconduct-ad10e3e0" start="1678903694629" dump="1678903699050"/><sessioninfo id="copperroyal-coolconduct-1974d8ed" start="1678903718541" dump="1678903722597"/><sessioninfo id="copperroyal-coolconduct-b30f184d" start="1678903730275" dump="1678903735520"/><sessioninfo id="copperroyal-coolconduct-7a5d8ce8" start="1678903753899" dump="1678903757945"/><sessioninfo id="copperroyal-coolconduct-8aad1e5b" start="1678903766287" dump="1678903772416"/><sessioninfo id="copperroyal-coolconduct-96419317" start="1678903785181" dump="1678903787455"/><sessioninfo id="copperroyal-coolconduct-42f0b610" start="1678903794097" dump="1678903798621"/><sessioninfo id="copperroyal-coolconduct-8c670a9a" start="1678903812813" dump="1678903815029"/><sessioninfo id="copperroyal-coolconduct-f77f99e9" start="1678903821328" dump="1678903825870"/><sessioninfo id="copperroyal-coolconduct-1e941cce" start="1678903835522" dump="1678903837772"/><sessioninfo id="copperroyal-coolconduct-a06a19ba" start="1678903843995" dump="1678903848071"/><sessioninfo id="copperroyal-coolconduct-100a96fe" start="1678903933716" dump="1678903936156"/><sessioninfo id="copperroyal-coolconduct-d36e6037" start="1678903942905" dump="1678903948272"/><sessioninfo id="copperroyal-coolconduct-1e14f6c0" start="1678903969650" dump="1678903971843"/><sessioninfo id="copperroyal-coolconduct-3f9ff0c" start="1678903977814" dump="1678903982158"/><sessioninfo id="copperroyal-coolconduct-9da27594" start="1678904003379" dump="1678904006204"/><sessioninfo id="copperroyal-coolconduct-66ae2f97" start="1678904014621" dump="1678904020369"/><sessioninfo id="copperroyal-coolconduct-2bf86c82" start="1678904038889" dump="1678904041640"/><sessioninfo id="copperroyal-coolconduct-de1a0831" start="1678904047847" dump="1678904052127"/><sessioninfo id="copperroyal-coolconduct-8ba5a654" start="1678904075985" dump="1678904079777"/><sessioninfo id="copperroyal-coolconduct-5d5af279" start="1678904089361" dump="1678904094587"/><sessioninfo id="copperroyal-coolconduct-d7a53f09" start="1678904121119" dump="1678904124695"/><sessioninfo id="copperroyal-coolconduct-5c089783" start="1678904134383" dump="1678904139698"/><sessioninfo id="copperroyal-coolconduct-96c527c9" start="1678904161360" dump="1678904163636"/><sessioninfo id="copperroyal-coolconduct-efbfd318" start="1678904174423" dump="1678904177145"/><sessioninfo id="copperroyal-coolconduct-d0d3fef1" start="1678904183773" dump="1678904188020"/><sessioninfo id="copperroyal-coolconduct-c4d5dfe6" start="1678904662410" dump="1678904664627"/><sessioninfo id="copperroyal-coolconduct-a7f1855e" start="1678904671429" dump="1678904675784"/><sessioninfo id="copperroyal-coolconduct-fc851f99" start="1678904705507" dump="1678904706301"/><sessioninfo id="copperroyal-coolconduct-d61ac7d" start="1678904928935" dump="1678904931236"/><sessioninfo id="copperroyal-coolconduct-3d3dec76" start="1678904942561" dump="1678904944775"/><sessioninfo id="copperroyal-coolconduct-ac0e6535" start="1678904950490" dump="1678904955395"/><sessioninfo id="copperroyal-coolconduct-13db8e92" start="1678904967393" dump="1678904969602"/><sessioninfo id="copperroyal-coolconduct-2095f8e" start="1678904975803" dump="1678904980076"/><sessioninfo id="copperroyal-coolconduct-68c92244" start="1678904995289" dump="1678904997921"/><sessioninfo id="copperroyal-coolconduct-e387f4a" start="1678905004462" dump="1678905008893"/><sessioninfo id="copperroyal-coolconduct-8b57b304" start="1678905021273" dump="1678905023514"/><sessioninfo id="copperroyal-coolconduct-a9aef49e" start="1678905030218" dump="1678905034418"/><sessioninfo id="copperroyal-coolconduct-7538f4c8" start="1678905049174" dump="1678905051345"/><sessioninfo id="copperroyal-coolconduct-3864523f" start="1678905058306" dump="1678905062749"/><sessioninfo id="copperroyal-coolconduct-f7f9e7d8" start="1678905075100" dump="1678905077846"/><sessioninfo id="copperroyal-coolconduct-c8a85069" start="1678905084156" dump="1678905088466"/><sessioninfo id="copperroyal-coolconduct-33370c58" start="1678905099186" dump="1678905101327"/><sessioninfo id="copperroyal-coolconduct-6bb2762c" start="1678905109557" dump="1678905114054"/><sessioninfo id="copperroyal-coolconduct-16691887" start="1678905133828" dump="1678905136063"/><sessioninfo id="copperroyal-coolconduct-b88bd177" start="1678905142429" dump="1678905146797"/><sessioninfo id="copperroyal-coolconduct-22c9cf78" start="1678905159122" dump="1678905161704"/><sessioninfo id="copperroyal-coolconduct-6ecce341" start="1678905167995" dump="1678905172070"/><sessioninfo id="copperroyal-coolconduct-3a9ff8d7" start="1678905195654" dump="1678905197884"/><sessioninfo id="copperroyal-coolconduct-3ab8cd66" start="1678905204560" dump="1678905209031"/><sessioninfo id="copperroyal-coolconduct-1458ff89" start="1678905218625" dump="1678905222165"/><sessioninfo id="copperroyal-coolconduct-b7552923" start="1678905232830" dump="1678905239271"/><sessioninfo id="copperroyal-coolconduct-c62ce832" start="1678905252006" dump="1678905254344"/><sessioninfo id="copperroyal-coolconduct-4678b81c" start="1678905260236" dump="1678905264378"/><sessioninfo id="copperroyal-coolconduct-1f3c22df" start="1678905275253" dump="1678905277828"/><sessioninfo id="copperroyal-coolconduct-e64210e9" start="1678905284414" dump="1678905288643"/><sessioninfo id="copperroyal-coolconduct-5ea011c6" start="1678905316370" dump="1678905318920"/><sessioninfo id="copperroyal-coolconduct-fbc7df40" start="1678905324888" dump="1678905329582"/><sessioninfo id="copperroyal-coolconduct-b3207e6f" start="1678905356385" dump="1678905358655"/><sessioninfo id="copperroyal-coolconduct-d8aa21ee" start="1678905364574" dump="1678905368859"/><sessioninfo id="copperroyal-coolconduct-15ff02cf" start="1678905382665" dump="1678905384804"/><sessioninfo id="copperroyal-coolconduct-b54a6430" start="1678905390524" dump="1678905394936"/><sessioninfo id="copperroyal-coolconduct-80875199" start="1678905406271" dump="1678905408987"/><sessioninfo id="copperroyal-coolconduct-a239e712" start="1678905415039" dump="1678905419207"/><sessioninfo id="copperroyal-coolconduct-77a8576d" start="1678905434367" dump="1678905436817"/><sessioninfo id="copperroyal-coolconduct-57df1b1f" start="1678905447203" dump="1678905449567"/><sessioninfo id="copperroyal-coolconduct-953c545" start="1678905455364" dump="1678905460031"/><sessioninfo id="copperroyal-coolconduct-5bf8e21b" start="1678905469581" dump="1678905471928"/><sessioninfo id="copperroyal-coolconduct-3cfc7fe7" start="1678905477945" dump="1678905482084"/><sessioninfo id="copperroyal-coolconduct-f8518c7b" start="1678905491633" dump="1678905493852"/><sessioninfo id="copperroyal-coolconduct-52633238" start="1678905505106" dump="1678905507322"/><sessioninfo id="copperroyal-coolconduct-62cda2cd" start="1678905514306" dump="1678905518658"/><sessioninfo id="copperroyal-coolconduct-e5733087" start="1678963800210" dump="1678963801139"/><sessioninfo id="copperroyal-coolconduct-8a7bd350" start="1678964599479" dump="1678964602017"/><sessioninfo id="copperroyal-coolconduct-2963338" start="1678964611437" dump="1678964614197"/><sessioninfo id="copperroyal-coolconduct-19ec20fa" start="1678964621301" dump="1678964626044"/><sessioninfo id="copperroyal-coolconduct-375559ee" start="1678964651854" dump="1678964654498"/><sessioninfo id="copperroyal-coolconduct-bf5867cf" start="1678964662228" dump="1678964667766"/><sessioninfo id="copperroyal-coolconduct-8a77a2a5" start="1678964681756" dump="1678964684156"/><sessioninfo id="copperroyal-coolconduct-bba68eb4" start="1678964691800" dump="1678964697076"/><sessioninfo id="copperroyal-coolconduct-48762dec" start="1678964707492" dump="1678964710049"/><sessioninfo id="copperroyal-coolconduct-63208a3f" start="1678964716538" dump="1678964721126"/><sessioninfo id="copperroyal-coolconduct-c65e833e" start="1678964731280" dump="1678964733751"/><sessioninfo id="copperroyal-coolconduct-26710a0d" start="1678964740333" dump="1678964745061"/><sessioninfo id="copperroyal-coolconduct-70f0997d" start="1678964754872" dump="1678964757294"/><sessioninfo id="copperroyal-coolconduct-602a5a8e" start="1678964765566" dump="1678964771819"/><sessioninfo id="copperroyal-coolconduct-d7b1c489" start="1678964781204" dump="1678964783681"/><sessioninfo id="copperroyal-coolconduct-120171db" start="1678964790718" dump="1678964795986"/><sessioninfo id="copperroyal-coolconduct-a7c6f450" start="1678964812481" dump="1678964815363"/><sessioninfo id="copperroyal-coolconduct-2a107ed5" start="1678964890197" dump="1678964891160"/><sessioninfo id="copperroyal-coolconduct-4fb729b2" start="1678966814885" dump="1678966818195"/><sessioninfo id="copperroyal-coolconduct-d5754b1d" start="1678966936297" dump="1678966951119"/><sessioninfo id="copperroyal-coolconduct-ae1c760e" start="1678966975920" dump="1678966984778"/><sessioninfo id="copperroyal-coolconduct-5dcef612" start="1679002807724" dump="1679002809249"/><sessioninfo id="copperroyal-coolconduct-2d35efa" start="1679004123146" dump="1679004125371"/><sessioninfo id="copperroyal-coolconduct-c3332197" start="1679004167647" dump="1679004169906"/><sessioninfo id="copperroyal-coolconduct-13ab96e4" start="1679004219097" dump="1679004221491"/><sessioninfo id="copperroyal-coolconduct-322b12ae" start="1679004709803" dump="1679004712002"/><sessioninfo id="copperroyal-coolconduct-24450c8" start="1679004811377" dump="1679004815270"/><sessioninfo id="copperroyal-coolconduct-f32e0e7a" start="1679005181903" dump="1679005184186"/><sessioninfo id="copperroyal-coolconduct-c39a0adc" start="1679005196063" dump="1679005198407"/><sessioninfo id="copperroyal-coolconduct-6afdb8bd" start="1679005204581" dump="1679005209122"/><sessioninfo id="copperroyal-coolconduct-df534989" start="1679005482883" dump="1679005485190"/><sessioninfo id="copperroyal-coolconduct-6fc891d8" start="1679005495086" dump="1679005497530"/><sessioninfo id="copperroyal-coolconduct-4658b04e" start="1679005504114" dump="1679005508930"/><sessioninfo id="copperroyal-coolconduct-d97b827d" start="1679005520484" dump="1679005522712"/><sessioninfo id="copperroyal-coolconduct-13f4df17" start="1679005528583" dump="1679005533201"/><sessioninfo id="copperroyal-coolconduct-c1d57915" start="1679005607425" dump="1679005609926"/><sessioninfo id="copperroyal-coolconduct-db34ecf7" start="1679005616294" dump="1679005621002"/><sessioninfo id="copperroyal-coolconduct-c724ef2e" start="1679005669922" dump="1679005672242"/><sessioninfo id="copperroyal-coolconduct-2000eed8" start="1679005678559" dump="1679005683090"/><sessioninfo id="copperroyal-coolconduct-2a994d1e" start="1679005759741" dump="1679005762181"/><sessioninfo id="copperroyal-coolconduct-37f82f0a" start="1679005768447" dump="1679005773343"/><sessioninfo id="copperroyal-coolconduct-54fa26e7" start="1679005875393" dump="1679005877795"/><sessioninfo id="copperroyal-coolconduct-d0f439e9" start="1679005887616" dump="1679005890069"/><sessioninfo id="copperroyal-coolconduct-8572226f" start="1679005897074" dump="1679005901446"/><sessioninfo id="copperroyal-coolconduct-32d71f9f" start="1679005957662" dump="1679005959930"/><sessioninfo id="copperroyal-coolconduct-36d50211" start="1679005965798" dump="1679005969972"/><sessioninfo id="copperroyal-coolconduct-34c9eb47" start="1679006028972" dump="1679006031817"/><sessioninfo id="copperroyal-coolconduct-5ca88497" start="1679006040927" dump="1679006043244"/><sessioninfo id="copperroyal-coolconduct-c0092d3e" start="1679006049500" dump="1679006054229"/><sessioninfo id="copperroyal-coolconduct-50ce6535" start="1679006230170" dump="1679006232619"/><sessioninfo id="copperroyal-coolconduct-f3bbafdc" start="1679006238539" dump="1679006243069"/><sessioninfo id="copperroyal-coolconduct-c5b34ba6" start="1679006417046" dump="1679006420630"/><sessioninfo id="copperroyal-coolconduct-f23f50fd" start="1679006457521" dump="1679006459800"/><sessioninfo id="copperroyal-coolconduct-7ca20704" start="1679006506060" dump="1679006508169"/><sessioninfo id="copperroyal-coolconduct-7c8b22e1" start="1679006520208" dump="1679006522551"/><sessioninfo id="copperroyal-coolconduct-a5eec691" start="1679006528554" dump="1679006533039"/><sessioninfo id="copperroyal-coolconduct-3254eb7c" start="1679006631886" dump="1679006634119"/><sessioninfo id="copperroyal-coolconduct-79725d63" start="1679006646643" dump="1679006648716"/><sessioninfo id="copperroyal-coolconduct-1637f50c" start="1679006654702" dump="1679006659081"/><sessioninfo id="copperroyal-coolconduct-2e7bffb6" start="1679006707479" dump="1679006709878"/><sessioninfo id="copperroyal-coolconduct-73a80143" start="1679006715936" dump="1679006720556"/><sessioninfo id="copperroyal-coolconduct-541b887a" start="1679006896640" dump="1679006898794"/><sessioninfo id="copperroyal-coolconduct-fffb5e36" start="1679006908914" dump="1679006910965"/><sessioninfo id="copperroyal-coolconduct-cd86decd" start="1679006916976" dump="1679006921115"/><sessioninfo id="copperroyal-coolconduct-fae9798f" start="1679007087730" dump="1679007090055"/><sessioninfo id="copperroyal-coolconduct-90c3f9a1" start="1679007096184" dump="1679007100754"/><sessioninfo id="copperroyal-coolconduct-91ed053e" start="1679007161872" dump="1679007164054"/><sessioninfo id="copperroyal-coolconduct-51cd1441" start="1679007170202" dump="1679007175106"/><sessioninfo id="copperroyal-coolconduct-1d4b4230" start="1679007213059" dump="1679007215403"/><sessioninfo id="copperroyal-coolconduct-5f712831" start="1679007221614" dump="1679007225956"/><sessioninfo id="copperroyal-coolconduct-c1988902" start="1679007235470" dump="1679007237528"/><sessioninfo id="copperroyal-coolconduct-615b3a21" start="1679007243728" dump="1679007248022"/><sessioninfo id="copperroyal-coolconduct-11d1d7e5" start="1679007360722" dump="1679007363028"/><sessioninfo id="copperroyal-coolconduct-a59c7253" start="1679007369998" dump="1679007374659"/><sessioninfo id="copperroyal-coolconduct-994eae26" start="1679007423932" dump="1679007426104"/><sessioninfo id="copperroyal-coolconduct-d478cb69" start="1679007431846" dump="1679007436101"/><sessioninfo id="copperroyal-coolconduct-ff7a695" start="1679007525223" dump="1679007527320"/><sessioninfo id="copperroyal-coolconduct-3075ad38" start="1679007533144" dump="1679007537762"/><sessioninfo id="copperroyal-coolconduct-570f69cc" start="1679007591679" dump="1679007594243"/><sessioninfo id="copperroyal-coolconduct-5f1931a9" start="1679007603526" dump="1679007610245"/><sessioninfo id="copperroyal-coolconduct-33f3bd5c" start="1679007665395" dump="1679007669022"/><sessioninfo id="copperroyal-coolconduct-39ccf9bb" start="1679007675672" dump="1679007681202"/><sessioninfo id="copperroyal-coolconduct-4015f4bd" start="1679007703484" dump="1679007706241"/><sessioninfo id="copperroyal-coolconduct-d131dcd" start="1679007712961" dump="1679007718203"/><sessioninfo id="copperroyal-coolconduct-fa3760bd" start="1679007748954" dump="1679007751092"/><sessioninfo id="copperroyal-coolconduct-33886a73" start="1679007757047" dump="1679007761932"/><sessioninfo id="copperroyal-coolconduct-aa0725af" start="1679007816604" dump="1679007819004"/><sessioninfo id="copperroyal-coolconduct-fc3c705f" start="1679007826525" dump="1679007831222"/><sessioninfo id="copperroyal-coolconduct-6f2eb65f" start="1679007861043" dump="1679007863210"/><sessioninfo id="copperroyal-coolconduct-ff651318" start="1679007869881" dump="1679007875077"/><sessioninfo id="copperroyal-coolconduct-94a480ca" start="1679007922398" dump="1679007924635"/><sessioninfo id="copperroyal-coolconduct-a1a48af0" start="1679007930552" dump="1679007934826"/><sessioninfo id="copperroyal-coolconduct-550108e7" start="1679007963266" dump="1679007965413"/><sessioninfo id="copperroyal-coolconduct-bcae0f36" start="1679007971378" dump="1679007975686"/><sessioninfo id="copperroyal-coolconduct-c292c884" start="1679007993680" dump="1679007995939"/><sessioninfo id="copperroyal-coolconduct-c6e9dea8" start="1679008001898" dump="1679008006139"/><sessioninfo id="copperroyal-coolconduct-143c08e5" start="1679051732662" dump="1679051735268"/><sessioninfo id="copperroyal-coolconduct-86fa1ed6" start="1679051784275" dump="1679051787089"/><sessioninfo id="copperroyal-coolconduct-6ae33fc7" start="1679051815643" dump="1679051818087"/><sessioninfo id="copperroyal-coolconduct-9285ebc3" start="1679051853521" dump="1679051856123"/><sessioninfo id="copperroyal-coolconduct-2286139e" start="1679051902046" dump="1679051904432"/><sessioninfo id="copperroyal-coolconduct-28d1ff2b" start="1679051946166" dump="1679051949075"/><sessioninfo id="copperroyal-coolconduct-c91434b8" start="1679051985585" dump="1679051987957"/><sessioninfo id="copperroyal-coolconduct-24450061" start="1679052114066" dump="1679052116369"/><sessioninfo id="copperroyal-coolconduct-c97663fb" start="1679052125618" dump="1679052127931"/><sessioninfo id="copperroyal-coolconduct-536eb1d6" start="1679052134354" dump="1679052138898"/><sessioninfo id="copperroyal-coolconduct-cf5ccb65" start="1679052483044" dump="1679052485484"/><sessioninfo id="copperroyal-coolconduct-5602b7b1" start="1679052491618" dump="1679052496015"/><sessioninfo id="copperroyal-coolconduct-31b8557f" start="1679052514580" dump="1679052517029"/><sessioninfo id="copperroyal-coolconduct-2074e147" start="1679052523270" dump="1679052527875"/><sessioninfo id="copperroyal-coolconduct-faf251" start="1679052541689" dump="1679052544701"/><sessioninfo id="copperroyal-coolconduct-d57d7a83" start="1679052551425" dump="1679052556092"/><sessioninfo id="copperroyal-coolconduct-84a203c2" start="1679052575745" dump="1679052578080"/><sessioninfo id="copperroyal-coolconduct-65b4e590" start="1679052584424" dump="1679052588888"/><sessioninfo id="copperroyal-coolconduct-127257a7" start="1679052601349" dump="1679052603763"/><sessioninfo id="copperroyal-coolconduct-342dd984" start="1679052609916" dump="1679052614605"/><sessioninfo id="copperroyal-coolconduct-8cbce0c8" start="1679052629925" dump="1679052632235"/><sessioninfo id="copperroyal-coolconduct-ad083ef9" start="1679052638548" dump="1679052643079"/><package name="com/parkit/parkingsystem/service"><class name="com/parkit/parkingsystem/service/FareCalculatorService" sourcefilename="FareCalculatorService.java"><method name="&lt;init&gt;" desc="()V" line="6"><counter type="INSTRUCTION" missed="0" covered="3"/><counter type="LINE" missed="0" covered="1"/><counter type="COMPLEXITY" missed="0" covered="1"/><counter type="METHOD" missed="0" covered="1"/></method><method name="calculateFare" desc="(Lcom/parkit/parkingsystem/model/Ticket;Z)V" line="9"><counter type="INSTRUCTION" missed="5" covered="70"/><counter type="BRANCH" missed="2" covered="9"/><counter type="LINE" missed="1" covered="14"/><counter type="COMPLEXITY" missed="2" covered="5"/><counter type="METHOD" missed="0" covered="1"/></method><method name="calculateFare" desc="(Lcom/parkit/parkingsystem/model/Ticket;)V" line="40"><counter type="INSTRUCTION" missed="0" covered="5"/><counter type="LINE" missed="0" covered="2"/><counter type="COMPLEXITY" missed="0" covered="1"/><counter type="METHOD" missed="0" covered="1"/></method><counter type="INSTRUCTION" missed="5" covered="78"/><counter type="BRANCH" missed="2" covered="9"/><counter type="LINE" missed="1" covered="17"/><counter type="COMPLEXITY" missed="2" covered="7"/><counter type="METHOD" missed="0" covered="3"/><counter type="CLASS" missed="0" covered="1"/></class><class name="com/parkit/parkingsystem/service/ParkingService" sourcefilename="ParkingService.java"><method name="&lt;init&gt;" desc="(Lcom/parkit/parkingsystem/util/InputReaderUtil;Lcom/parkit/parkingsystem/dao/ParkingSpotDAO;Lcom/parkit/parkingsystem/dao/TicketDAO;)V" line="24"><counter type="INSTRUCTION" missed="0" covered="12"/><counter type="LINE" missed="0" covered="5"/><counter type="COMPLEXITY" missed="0" covered="1"/><counter type="METHOD" missed="0" covered="1"/></method><method name="processIncomingVehicle" desc="()V" line="32"><counter type="INSTRUCTION" missed="5" covered="70"/><counter type="BRANCH" missed="2" covered="4"/><counter type="LINE" missed="2" covered="20"/><counter type="COMPLEXITY" missed="2" covered="2"/><counter type="METHOD" missed="0" covered="1"/></method><method name="getVehichleRegNumber" desc="()Ljava/lang/String;" line="61"><counter type="INSTRUCTION" missed="0" covered="7"/><counter type="LINE" missed="0" covered="2"/><counter type="COMPLEXITY" missed="0" covered="1"/><counter type="METHOD" missed="0" covered="1"/></method><method name="getNextParkingNumberIfAvailable" desc="()Lcom/parkit/parkingsystem/model/ParkingSpot;" line="66"><counter type="INSTRUCTION" missed="0" covered="41"/><counter type="BRANCH" missed="0" covered="2"/><counter type="LINE" missed="0" covered="13"/><counter type="COMPLEXITY" missed="0" covered="2"/><counter type="METHOD" missed="0" covered="1"/></method><method name="getVehichleType" desc="()Lcom/parkit/parkingsystem/constants/ParkingType;" line="85"><counter type="INSTRUCTION" missed="2" covered="25"/><counter type="BRANCH" missed="1" covered="2"/><counter type="LINE" missed="1" covered="8"/><counter type="COMPLEXITY" missed="1" covered="2"/><counter type="METHOD" missed="0" covered="1"/></method><method name="processExitingVehicle" desc="()V" line="105"><counter type="INSTRUCTION" missed="1" covered="63"/><counter type="BRANCH" missed="1" covered="3"/><counter type="LINE" missed="0" covered="17"/><counter type="COMPLEXITY" missed="1" covered="2"/><counter type="METHOD" missed="0" covered="1"/></method><method name="&lt;clinit&gt;" desc="()V" line="16"><counter type="INSTRUCTION" missed="0" covered="8"/><counter type="LINE" missed="0" covered="2"/><counter type="COMPLEXITY" missed="0" covered="1"/><counter type="METHOD" missed="0" covered="1"/></method><counter type="INSTRUCTION" missed="8" covered="226"/><counter type="BRANCH" missed="4" covered="11"/><counter type="LINE" missed="3" covered="67"/><counter type="COMPLEXITY" missed="4" covered="11"/><counter type="METHOD" missed="0" covered="7"/><counter type="CLASS" missed="0" covered="1"/></class><class name="com/parkit/parkingsystem/service/InteractiveShell" sourcefilename="InteractiveShell.java"><method name="&lt;init&gt;" desc="()V" line="9"><counter type="INSTRUCTION" missed="3" covered="0"/><counter type="LINE" missed="1" covered="0"/><counter type="COMPLEXITY" missed="1" covered="0"/><counter type="METHOD" missed="1" covered="0"/></method><method name="loadInterface" desc="()V" line="14"><counter type="INSTRUCTION" missed="52" covered="0"/><counter type="BRANCH" missed="6" covered="0"/><counter type="LINE" missed="21" covered="0"/><counter type="COMPLEXITY" missed="5" covered="0"/><counter type="METHOD" missed="1" covered="0"/></method><method name="loadMenu" desc="()V" line="46"><counter type="INSTRUCTION" missed="13" covered="0"/><counter type="LINE" missed="5" covered="0"/><counter type="COMPLEXITY" missed="1" covered="0"/><counter type="METHOD" missed="1" covered="0"/></method><method name="&lt;clinit&gt;" desc="()V" line="11"><counter type="INSTRUCTION" missed="4" covered="0"/><counter type="LINE" missed="1" covered="0"/><counter type="COMPLEXITY" missed="1" covered="0"/><counter type="METHOD" missed="1" covered="0"/></method><counter type="INSTRUCTION" missed="72" covered="0"/><counter type="BRANCH" missed="6" covered="0"/><counter type="LINE" missed="28" covered="0"/><counter type="COMPLEXITY" missed="8" covered="0"/><counter type="METHOD" missed="4" covered="0"/><counter type="CLASS" missed="1" covered="0"/></class><sourcefile name="ParkingService.java"><line nr="16" mi="0" ci="3" mb="0" cb="0"/><line nr="18" mi="0" ci="5" mb="0" cb="0"/><line nr="24" mi="0" ci="2" mb="0" cb="0"/><line nr="25" mi="0" ci="3" mb="0" cb="0"/><line nr="26" mi="0" ci="3" mb="0" cb="0"/><line nr="27" mi="0" ci="3" mb="0" cb="0"/><line nr="28" mi="0" ci="1" mb="0" cb="0"/><line nr="32" mi="0" ci="3" mb="0" cb="0"/><line nr="33" mi="0" ci="5" mb="2" cb="2"/><line nr="34" mi="0" ci="3" mb="0" cb="0"/><line nr="35" mi="0" ci="3" mb="0" cb="0"/><line nr="36" mi="0" ci="5" mb="0" cb="0"/><line nr="37" mi="0" ci="5" mb="0" cb="2"/><line nr="38" mi="0" ci="3" mb="0" cb="0"/><line nr="40" mi="0" ci="4" mb="0" cb="0"/><line nr="41" mi="0" ci="4" mb="0" cb="0"/><line nr="44" mi="0" ci="3" mb="0" cb="0"/><line nr="45" mi="0" ci="3" mb="0" cb="0"/><line nr="46" mi="0" ci="3" mb="0" cb="0"/><line nr="47" mi="0" ci="3" mb="0" cb="0"/><line nr="48" mi="0" ci="3" mb="0" cb="0"/><line nr="49" mi="0" ci="5" mb="0" cb="0"/><line nr="51" mi="0" ci="3" mb="0" cb="0"/><line nr="52" mi="0" ci="5" mb="0" cb="0"/><line nr="53" mi="0" ci="5" mb="0" cb="0"/><line nr="55" mi="1" ci="0" mb="0" cb="0"/><line nr="56" mi="4" ci="0" mb="0" cb="0"/><line nr="57" mi="0" ci="1" mb="0" cb="0"/><line nr="58" mi="0" ci="1" mb="0" cb="0"/><line nr="61" mi="0" ci="3" mb="0" cb="0"/><line nr="62" mi="0" ci="4" mb="0" cb="0"/><line nr="66" mi="0" ci="2" mb="0" cb="0"/><line nr="67" mi="0" ci="2" mb="0" cb="0"/><line nr="69" mi="0" ci="3" mb="0" cb="0"/><line nr="70" mi="0" ci="5" mb="0" cb="0"/><line nr="71" mi="0" ci="2" mb="0" cb="2"/><line nr="72" mi="0" ci="8" mb="0" cb="0"/><line nr="74" mi="0" ci="5" mb="0" cb="0"/><line nr="76" mi="0" ci="1" mb="0" cb="0"/><line nr="77" mi="0" ci="4" mb="0" cb="0"/><line nr="78" mi="0" ci="1" mb="0" cb="0"/><line nr="79" mi="0" ci="4" mb="0" cb="0"/><line nr="80" mi="0" ci="2" mb="0" cb="0"/><line nr="81" mi="0" ci="2" mb="0" cb="0"/><line nr="85" mi="0" ci="3" mb="0" cb="0"/><line nr="86" mi="0" ci="3" mb="0" cb="0"/><line nr="87" mi="0" ci="3" mb="0" cb="0"/><line nr="88" mi="0" ci="4" mb="0" cb="0"/><line nr="89" mi="0" ci="2" mb="1" cb="2"/><line nr="91" mi="0" ci="2" mb="0" cb="0"/><line nr="94" mi="2" ci="0" mb="0" cb="0"/><line nr="97" mi="0" ci="3" mb="0" cb="0"/><line nr="98" mi="0" ci="5" mb="0" cb="0"/><line nr="105" mi="0" ci="3" mb="0" cb="0"/><line nr="106" mi="0" ci="5" mb="0" cb="0"/><line nr="107" mi="0" ci="4" mb="0" cb="0"/><line nr="108" mi="0" ci="3" mb="0" cb="0"/><line nr="110" mi="1" ci="10" mb="1" cb="1"/><line nr="111" mi="0" ci="5" mb="0" cb="2"/><line nr="112" mi="0" ci="3" mb="0" cb="0"/><line nr="113" mi="0" ci="3" mb="0" cb="0"/><line nr="114" mi="0" ci="5" mb="0" cb="0"/><line nr="115" mi="0" ci="5" mb="0" cb="0"/><line nr="116" mi="0" ci="6" mb="0" cb="0"/><line nr="117" mi="0" ci="1" mb="0" cb="0"/><line nr="118" mi="0" ci="3" mb="0" cb="0"/><line nr="120" mi="0" ci="1" mb="0" cb="0"/><line nr="121" mi="0" ci="4" mb="0" cb="0"/><line nr="122" mi="0" ci="1" mb="0" cb="0"/><line nr="123" mi="0" ci="1" mb="0" cb="0"/><counter type="INSTRUCTION" missed="8" covered="226"/><counter type="BRANCH" missed="4" covered="11"/><counter type="LINE" missed="3" covered="67"/><counter type="COMPLEXITY" missed="4" covered="11"/><counter type="METHOD" missed="0" covered="7"/><counter type="CLASS" missed="0" covered="1"/></sourcefile><sourcefile name="InteractiveShell.java"><line nr="9" mi="3" ci="0" mb="0" cb="0"/><line nr="11" mi="4" ci="0" mb="0" cb="0"/><line nr="14" mi="3" ci="0" mb="0" cb="0"/><line nr="15" mi="3" ci="0" mb="0" cb="0"/><line nr="17" mi="2" ci="0" mb="0" cb="0"/><line nr="18" mi="4" ci="0" mb="0" cb="0"/><line nr="19" mi="4" ci="0" mb="0" cb="0"/><line nr="20" mi="4" ci="0" mb="0" cb="0"/><line nr="21" mi="7" ci="0" mb="0" cb="0"/><line nr="23" mi="2" ci="0" mb="2" cb="0"/><line nr="24" mi="1" ci="0" mb="0" cb="0"/><line nr="25" mi="3" ci="0" mb="0" cb="0"/><line nr="26" mi="2" ci="0" mb="4" cb="0"/><line nr="28" mi="2" ci="0" mb="0" cb="0"/><line nr="29" mi="1" ci="0" mb="0" cb="0"/><line nr="32" mi="2" ci="0" mb="0" cb="0"/><line nr="33" mi="1" ci="0" mb="0" cb="0"/><line nr="36" mi="3" ci="0" mb="0" cb="0"/><line nr="37" mi="2" ci="0" mb="0" cb="0"/><line nr="38" mi="1" ci="0" mb="0" cb="0"/><line nr="40" mi="3" ci="0" mb="0" cb="0"/><line nr="42" mi="1" ci="0" mb="0" cb="0"/><line nr="43" mi="1" ci="0" mb="0" cb="0"/><line nr="46" mi="3" ci="0" mb="0" cb="0"/><line nr="47" mi="3" ci="0" mb="0" cb="0"/><line nr="48" mi="3" ci="0" mb="0" cb="0"/><line nr="49" mi="3" ci="0" mb="0" cb="0"/><line nr="50" mi="1" ci="0" mb="0" cb="0"/><counter type="INSTRUCTION" missed="72" covered="0"/><counter type="BRANCH" missed="6" covered="0"/><counter type="LINE" missed="28" covered="0"/><counter type="COMPLEXITY" missed="8" covered="0"/><counter type="METHOD" missed="4" covered="0"/><counter type="CLASS" missed="1" covered="0"/></sourcefile><sourcefile name="FareCalculatorService.java"><line nr="6" mi="0" ci="3" mb="0" cb="0"/><line nr="9" mi="0" ci="9" mb="1" cb="3"/><line nr="10" mi="0" ci="8" mb="0" cb="0"/><line nr="13" mi="0" ci="4" mb="0" cb="0"/><line nr="14" mi="0" ci="4" mb="0" cb="0"/><line nr="17" mi="0" ci="7" mb="0" cb="0"/><line nr="20" mi="0" ci="4" mb="0" cb="2"/><line nr="21" mi="0" ci="4" mb="0" cb="0"/><line nr="23" mi="0" ci="6" mb="0" cb="2"/><line nr="24" mi="0" ci="7" mb="1" cb="2"/><line nr="26" mi="0" ci="7" mb="0" cb="0"/><line nr="27" mi="0" ci="1" mb="0" cb="0"/><line nr="30" mi="0" ci="7" mb="0" cb="0"/><line nr="31" mi="0" ci="1" mb="0" cb="0"/><line nr="33" mi="5" ci="0" mb="0" cb="0"/><line nr="37" mi="0" ci="1" mb="0" cb="0"/><line nr="40" mi="0" ci="4" mb="0" cb="0"/><line nr="41" mi="0" ci="1" mb="0" cb="0"/><counter type="INSTRUCTION" missed="5" covered="78"/><counter type="BRANCH" missed="2" covered="9"/><counter type="LINE" missed="1" covered="17"/><counter type="COMPLEXITY" missed="2" covered="7"/><counter type="METHOD" missed="0" covered="3"/><counter type="CLASS" missed="0" covered="1"/></sourcefile><counter type="INSTRUCTION" missed="85" covered="304"/><counter type="BRANCH" missed="12" covered="20"/><counter type="LINE" missed="32" covered="84"/><counter type="COMPLEXITY" missed="14" covered="18"/><counter type="METHOD" missed="4" covered="10"/><counter type="CLASS" missed="1" covered="2"/></package><package name="com/parkit/parkingsystem"><class name="com/parkit/parkingsystem/App" sourcefilename="App.java"><method name="&lt;init&gt;" desc="()V" line="7"><counter type="INSTRUCTION" missed="3" covered="0"/><counter type="LINE" missed="1" covered="0"/><counter type="COMPLEXITY" missed="1" covered="0"/><counter type="METHOD" missed="1" covered="0"/></method><method name="main" desc="([Ljava/lang/String;)V" line="10"><counter type="INSTRUCTION" missed="5" covered="0"/><counter type="LINE" missed="3" covered="0"/><counter type="COMPLEXITY" missed="1" covered="0"/><counter type="METHOD" missed="1" covered="0"/></method><method name="&lt;clinit&gt;" desc="()V" line="8"><counter type="INSTRUCTION" missed="4" covered="0"/><counter type="LINE" missed="1" covered="0"/><counter type="COMPLEXITY" missed="1" covered="0"/><counter type="METHOD" missed="1" covered="0"/></method><counter type="INSTRUCTION" missed="12" covered="0"/><counter type="LINE" missed="5" covered="0"/><counter type="COMPLEXITY" missed="3" covered="0"/><counter type="METHOD" missed="3" covered="0"/><counter type="CLASS" missed="1" covered="0"/></class><sourcefile name="App.java"><line nr="7" mi="3" ci="0" mb="0" cb="0"/><line nr="8" mi="4" ci="0" mb="0" cb="0"/><line nr="10" mi="3" ci="0" mb="0" cb="0"/><line nr="11" mi="1" ci="0" mb="0" cb="0"/><line nr="12" mi="1" ci="0" mb="0" cb="0"/><counter type="INSTRUCTION" missed="12" covered="0"/><counter type="LINE" missed="5" covered="0"/><counter type="COMPLEXITY" missed="3" covered="0"/><counter type="METHOD" missed="3" covered="0"/><counter type="CLASS" missed="1" covered="0"/></sourcefile><counter type="INSTRUCTION" missed="12" covered="0"/><counter type="LINE" missed="5" covered="0"/><counter type="COMPLEXITY" missed="3" covered="0"/><counter type="METHOD" missed="3" covered="0"/><counter type="CLASS" missed="1" covered="0"/></package><package name="com/parkit/parkingsystem/model"><class name="com/parkit/parkingsystem/model/ParkingSpot" sourcefilename="ParkingSpot.java"><method name="&lt;init&gt;" desc="(ILcom/parkit/parkingsystem/constants/ParkingType;Z)V" line="10"><counter type="INSTRUCTION" missed="0" covered="12"/><counter type="LINE" missed="0" covered="5"/><counter type="COMPLEXITY" missed="0" covered="1"/><counter type="METHOD" missed="0" covered="1"/></method><method name="getId" desc="()I" line="17"><counter type="INSTRUCTION" missed="0" covered="3"/><counter type="LINE" missed="0" covered="1"/><counter type="COMPLEXITY" missed="0" covered="1"/><counter type="METHOD" missed="0" covered="1"/></method><method name="setId" desc="(I)V" line="21"><counter type="INSTRUCTION" missed="4" covered="0"/><counter type="LINE" missed="2" covered="0"/><counter type="COMPLEXITY" missed="1" covered="0"/><counter type="METHOD" missed="1" covered="0"/></method><method name="getParkingType" desc="()Lcom/parkit/parkingsystem/constants/ParkingType;" line="25"><counter type="INSTRUCTION" missed="0" covered="3"/><counter type="LINE" missed="0" covered="1"/><counter type="COMPLEXITY" missed="0" covered="1"/><counter type="METHOD" missed="0" covered="1"/></method><method name="setParkingType" desc="(Lcom/parkit/parkingsystem/constants/ParkingType;)V" line="29"><counter type="INSTRUCTION" missed="4" covered="0"/><counter type="LINE" missed="2" covered="0"/><counter type="COMPLEXITY" missed="1" covered="0"/><counter type="METHOD" missed="1" covered="0"/></method><method name="isAvailable" desc="()Z" line="33"><counter type="INSTRUCTION" missed="0" covered="3"/><counter type="LINE" missed="0" covered="1"/><counter type="COMPLEXITY" missed="0" covered="1"/><counter type="METHOD" missed="0" covered="1"/></method><method name="setAvailable" desc="(Z)V" line="37"><counter type="INSTRUCTION" missed="0" covered="4"/><counter type="LINE" missed="0" covered="2"/><counter type="COMPLEXITY" missed="0" covered="1"/><counter type="METHOD" missed="0" covered="1"/></method><counter type="INSTRUCTION" missed="8" covered="25"/><counter type="LINE" missed="4" covered="10"/><counter type="COMPLEXITY" missed="2" covered="5"/><counter type="METHOD" missed="2" covered="5"/><counter type="CLASS" missed="0" covered="1"/></class><class name="com/parkit/parkingsystem/model/Ticket" sourcefilename="Ticket.java"><method name="&lt;init&gt;" desc="()V" line="6"><counter type="INSTRUCTION" missed="0" covered="3"/><counter type="LINE" missed="0" covered="1"/><counter type="COMPLEXITY" missed="0" covered="1"/><counter type="METHOD" missed="0" covered="1"/></method><method name="getId" desc="()I" line="15"><counter type="INSTRUCTION" missed="0" covered="3"/><counter type="LINE" missed="0" covered="1"/><counter type="COMPLEXITY" missed="0" covered="1"/><counter type="METHOD" missed="0" covered="1"/></method><method name="setId" desc="(I)V" line="19"><counter type="INSTRUCTION" missed="0" covered="4"/><counter type="LINE" missed="0" covered="2"/><counter type="COMPLEXITY" missed="0" covered="1"/><counter type="METHOD" missed="0" covered="1"/></method><method name="getParkingSpot" desc="()Lcom/parkit/parkingsystem/model/ParkingSpot;" line="23"><counter type="INSTRUCTION" missed="0" covered="3"/><counter type="LINE" missed="0" covered="1"/><counter type="COMPLEXITY" missed="0" covered="1"/><counter type="METHOD" missed="0" covered="1"/></method><method name="setParkingSpot" desc="(Lcom/parkit/parkingsystem/model/ParkingSpot;)V" line="27"><counter type="INSTRUCTION" missed="0" covered="4"/><counter type="LINE" missed="0" covered="2"/><counter type="COMPLEXITY" missed="0" covered="1"/><counter type="METHOD" missed="0" covered="1"/></method><method name="getVehicleRegNumber" desc="()Ljava/lang/String;" line="31"><counter type="INSTRUCTION" missed="0" covered="3"/><counter type="LINE" missed="0" covered="1"/><counter type="COMPLEXITY" missed="0" covered="1"/><counter type="METHOD" missed="0" covered="1"/></method><method name="setVehicleRegNumber" desc="(Ljava/lang/String;)V" line="35"><counter type="INSTRUCTION" missed="0" covered="4"/><counter type="LINE" missed="0" covered="2"/><counter type="COMPLEXITY" missed="0" covered="1"/><counter type="METHOD" missed="0" covered="1"/></method><method name="getPrice" desc="()D" line="39"><counter type="INSTRUCTION" missed="0" covered="3"/><counter type="LINE" missed="0" covered="1"/><counter type="COMPLEXITY" missed="0" covered="1"/><counter type="METHOD" missed="0" covered="1"/></method><method name="setPrice" desc="(D)V" line="43"><counter type="INSTRUCTION" missed="0" covered="4"/><counter type="LINE" missed="0" covered="2"/><counter type="COMPLEXITY" missed="0" covered="1"/><counter type="METHOD" missed="0" covered="1"/></method><method name="getInTime" desc="()Ljava/util/Date;" line="47"><counter type="INSTRUCTION" missed="0" covered="3"/><counter type="LINE" missed="0" covered="1"/><counter type="COMPLEXITY" missed="0" covered="1"/><counter type="METHOD" missed="0" covered="1"/></method><method name="setInTime" desc="(Ljava/util/Date;)V" line="51"><counter type="INSTRUCTION" missed="0" covered="4"/><counter type="LINE" missed="0" covered="2"/><counter type="COMPLEXITY" missed="0" covered="1"/><counter type="METHOD" missed="0" covered="1"/></method><method name="getOutTime" desc="()Ljava/util/Date;" line="55"><counter type="INSTRUCTION" missed="0" covered="3"/><counter type="LINE" missed="0" covered="1"/><counter type="COMPLEXITY" missed="0" covered="1"/><counter type="METHOD" missed="0" covered="1"/></method><method name="setOutTime" desc="(Ljava/util/Date;)V" line="59"><counter type="INSTRUCTION" missed="0" covered="4"/><counter type="LINE" missed="0" covered="2"/><counter type="COMPLEXITY" missed="0" covered="1"/><counter type="METHOD" missed="0" covered="1"/></method><counter type="INSTRUCTION" missed="0" covered="45"/><counter type="LINE" missed="0" covered="19"/><counter type="COMPLEXITY" missed="0" covered="13"/><counter type="METHOD" missed="0" covered="13"/><counter type="CLASS" missed="0" covered="1"/></class><sourcefile name="Ticket.java"><line nr="6" mi="0" ci="3" mb="0" cb="0"/><line nr="15" mi="0" ci="3" mb="0" cb="0"/><line nr="19" mi="0" ci="3" mb="0" cb="0"/><line nr="20" mi="0" ci="1" mb="0" cb="0"/><line nr="23" mi="0" ci="3" mb="0" cb="0"/><line nr="27" mi="0" ci="3" mb="0" cb="0"/><line nr="28" mi="0" ci="1" mb="0" cb="0"/><line nr="31" mi="0" ci="3" mb="0" cb="0"/><line nr="35" mi="0" ci="3" mb="0" cb="0"/><line nr="36" mi="0" ci="1" mb="0" cb="0"/><line nr="39" mi="0" ci="3" mb="0" cb="0"/><line nr="43" mi="0" ci="3" mb="0" cb="0"/><line nr="44" mi="0" ci="1" mb="0" cb="0"/><line nr="47" mi="0" ci="3" mb="0" cb="0"/><line nr="51" mi="0" ci="3" mb="0" cb="0"/><line nr="52" mi="0" ci="1" mb="0" cb="0"/><line nr="55" mi="0" ci="3" mb="0" cb="0"/><line nr="59" mi="0" ci="3" mb="0" cb="0"/><line nr="60" mi="0" ci="1" mb="0" cb="0"/><counter type="INSTRUCTION" missed="0" covered="45"/><counter type="LINE" missed="0" covered="19"/><counter type="COMPLEXITY" missed="0" covered="13"/><counter type="METHOD" missed="0" covered="13"/><counter type="CLASS" missed="0" covered="1"/></sourcefile><sourcefile name="ParkingSpot.java"><line nr="10" mi="0" ci="2" mb="0" cb="0"/><line nr="11" mi="0" ci="3" mb="0" cb="0"/><line nr="12" mi="0" ci="3" mb="0" cb="0"/><line nr="13" mi="0" ci="3" mb="0" cb="0"/><line nr="14" mi="0" ci="1" mb="0" cb="0"/><line nr="17" mi="0" ci="3" mb="0" cb="0"/><line nr="21" mi="3" ci="0" mb="0" cb="0"/><line nr="22" mi="1" ci="0" mb="0" cb="0"/><line nr="25" mi="0" ci="3" mb="0" cb="0"/><line nr="29" mi="3" ci="0" mb="0" cb="0"/><line nr="30" mi="1" ci="0" mb="0" cb="0"/><line nr="33" mi="0" ci="3" mb="0" cb="0"/><line nr="37" mi="0" ci="3" mb="0" cb="0"/><line nr="38" mi="0" ci="1" mb="0" cb="0"/><counter type="INSTRUCTION" missed="8" covered="25"/><counter type="LINE" missed="4" covered="10"/><counter type="COMPLEXITY" missed="2" covered="5"/><counter type="METHOD" missed="2" covered="5"/><counter type="CLASS" missed="0" covered="1"/></sourcefile><counter type="INSTRUCTION" missed="8" covered="70"/><counter type="LINE" missed="4" covered="29"/><counter type="COMPLEXITY" missed="2" covered="18"/><counter type="METHOD" missed="2" covered="18"/><counter type="CLASS" missed="0" covered="2"/></package><package name="com/parkit/parkingsystem/constants"><class name="com/parkit/parkingsystem/constants/Fare" sourcefilename="Fare.java"><method name="&lt;init&gt;" desc="()V" line="3"><counter type="INSTRUCTION" missed="3" covered="0"/><counter type="LINE" missed="1" covered="0"/><counter type="COMPLEXITY" missed="1" covered="0"/><counter type="METHOD" missed="1" covered="0"/></method><counter type="INSTRUCTION" missed="3" covered="0"/><counter type="LINE" missed="1" covered="0"/><counter type="COMPLEXITY" missed="1" covered="0"/><counter type="METHOD" missed="1" covered="0"/><counter type="CLASS" missed="1" covered="0"/></class><class name="com/parkit/parkingsystem/constants/ParkingType" sourcefilename="ParkingType.java"><method name="&lt;clinit&gt;" desc="()V" line="3"><counter type="INSTRUCTION" missed="0" covered="24"/><counter type="LINE" missed="0" covered="3"/><counter type="COMPLEXITY" missed="0" covered="1"/><counter type="METHOD" missed="0" covered="1"/></method><counter type="INSTRUCTION" missed="0" covered="24"/><counter type="LINE" missed="0" covered="3"/><counter type="COMPLEXITY" missed="0" covered="1"/><counter type="METHOD" missed="0" covered="1"/><counter type="CLASS" missed="0" covered="1"/></class><class name="com/parkit/parkingsystem/constants/DBConstants" sourcefilename="DBConstants.java"><method name="&lt;init&gt;" desc="()V" line="3"><counter type="INSTRUCTION" missed="3" covered="0"/><counter type="LINE" missed="1" covered="0"/><counter type="COMPLEXITY" missed="1" covered="0"/><counter type="METHOD" missed="1" covered="0"/></method><counter type="INSTRUCTION" missed="3" covered="0"/><counter type="LINE" missed="1" covered="0"/><counter type="COMPLEXITY" missed="1" covered="0"/><counter type="METHOD" missed="1" covered="0"/><counter type="CLASS" missed="1" covered="0"/></class><sourcefile name="DBConstants.java"><line nr="3" mi="3" ci="0" mb="0" cb="0"/><counter type="INSTRUCTION" missed="3" covered="0"/><counter type="LINE" missed="1" covered="0"/><counter type="COMPLEXITY" missed="1" covered="0"/><counter type="METHOD" missed="1" covered="0"/><counter type="CLASS" missed="1" covered="0"/></sourcefile><sourcefile name="ParkingType.java"><line nr="3" mi="0" ci="12" mb="0" cb="0"/><line nr="4" mi="0" ci="6" mb="0" cb="0"/><line nr="5" mi="0" ci="6" mb="0" cb="0"/><counter type="INSTRUCTION" missed="0" covered="24"/><counter type="LINE" missed="0" covered="3"/><counter type="COMPLEXITY" missed="0" covered="1"/><counter type="METHOD" missed="0" covered="1"/><counter type="CLASS" missed="0" covered="1"/></sourcefile><sourcefile name="Fare.java"><line nr="3" mi="3" ci="0" mb="0" cb="0"/><counter type="INSTRUCTION" missed="3" covered="0"/><counter type="LINE" missed="1" covered="0"/><counter type="COMPLEXITY" missed="1" covered="0"/><counter type="METHOD" missed="1" covered="0"/><counter type="CLASS" missed="1" covered="0"/></sourcefile><counter type="INSTRUCTION" missed="6" covered="24"/><counter type="LINE" missed="2" covered="3"/><counter type="COMPLEXITY" missed="2" covered="1"/><counter type="METHOD" missed="2" covered="1"/><counter type="CLASS" missed="2" covered="1"/></package><package name="com/parkit/parkingsystem/util"><class name="com/parkit/parkingsystem/util/InputReaderUtil" sourcefilename="InputReaderUtil.java"><method name="&lt;init&gt;" desc="()V" line="8"><counter type="INSTRUCTION" missed="3" covered="0"/><counter type="LINE" missed="1" covered="0"/><counter type="COMPLEXITY" missed="1" covered="0"/><counter type="METHOD" missed="1" covered="0"/></method><method name="readSelection" desc="()I" line="15"><counter type="INSTRUCTION" missed="16" covered="0"/><counter type="LINE" missed="6" covered="0"/><counter type="COMPLEXITY" missed="1" covered="0"/><counter type="METHOD" missed="1" covered="0"/></method><method name="readVehicleRegistrationNumber" desc="()Ljava/lang/String;" line="26"><counter type="INSTRUCTION" missed="26" covered="0"/><counter type="BRANCH" missed="4" covered="0"/><counter type="LINE" missed="8" covered="0"/><counter type="COMPLEXITY" missed="3" covered="0"/><counter type="METHOD" missed="1" covered="0"/></method><method name="&lt;clinit&gt;" desc="()V" line="10"><counter type="INSTRUCTION" missed="0" covered="9"/><counter type="LINE" missed="0" covered="2"/><counter type="COMPLEXITY" missed="0" covered="1"/><counter type="METHOD" missed="0" covered="1"/></method><counter type="INSTRUCTION" missed="45" covered="9"/><counter type="BRANCH" missed="4" covered="0"/><counter type="LINE" missed="15" covered="2"/><counter type="COMPLEXITY" missed="5" covered="1"/><counter type="METHOD" missed="3" covered="1"/><counter type="CLASS" missed="0" covered="1"/></class><sourcefile name="InputReaderUtil.java"><line nr="8" mi="3" ci="0" mb="0" cb="0"/><line nr="10" mi="0" ci="5" mb="0" cb="0"/><line nr="11" mi="0" ci="4" mb="0" cb="0"/><line nr="15" mi="4" ci="0" mb="0" cb="0"/><line nr="16" mi="2" ci="0" mb="0" cb="0"/><line nr="17" mi="1" ci="0" mb="0" cb="0"/><line nr="18" mi="4" ci="0" mb="0" cb="0"/><line nr="19" mi="3" ci="0" mb="0" cb="0"/><line nr="20" mi="2" ci="0" mb="0" cb="0"/><line nr="26" mi="3" ci="0" mb="0" cb="0"/><line nr="27" mi="6" ci="0" mb="4" cb="0"/><line nr="28" mi="5" ci="0" mb="0" cb="0"/><line nr="30" mi="2" ci="0" mb="0" cb="0"/><line nr="31" mi="1" ci="0" mb="0" cb="0"/><line nr="32" mi="4" ci="0" mb="0" cb="0"/><line nr="33" mi="3" ci="0" mb="0" cb="0"/><line nr="34" mi="2" ci="0" mb="0" cb="0"/><counter type="INSTRUCTION" missed="45" covered="9"/><counter type="BRANCH" missed="4" covered="0"/><counter type="LINE" missed="15" covered="2"/><counter type="COMPLEXITY" missed="5" covered="1"/><counter type="METHOD" missed="3" covered="1"/><counter type="CLASS" missed="0" covered="1"/></sourcefile><counter type="INSTRUCTION" missed="45" covered="9"/><counter type="BRANCH" missed="4" covered="0"/><counter type="LINE" missed="15" covered="2"/><counter type="COMPLEXITY" missed="5" covered="1"/><counter type="METHOD" missed="3" covered="1"/><counter type="CLASS" missed="0" covered="1"/></package><package name="com/parkit/parkingsystem/dao"><class name="com/parkit/parkingsystem/dao/TicketDAO" sourcefilename="TicketDAO.java"><method name="&lt;init&gt;" desc="()V" line="16"><counter type="INSTRUCTION" missed="0" covered="8"/><counter type="LINE" missed="0" covered="2"/><counter type="COMPLEXITY" missed="0" covered="1"/><counter type="METHOD" missed="0" covered="1"/></method><method name="saveTicket" desc="(Lcom/parkit/parkingsystem/model/Ticket;)Z" line="23"><counter type="INSTRUCTION" missed="18" covered="58"/><counter type="BRANCH" missed="0" covered="2"/><counter type="LINE" missed="2" covered="11"/><counter type="COMPLEXITY" missed="0" covered="2"/><counter type="METHOD" missed="0" covered="1"/></method><method name="getTicket" desc="(Ljava/lang/String;)Lcom/parkit/parkingsystem/model/Ticket;" line="44"><counter type="INSTRUCTION" missed="18" covered="78"/><counter type="BRANCH" missed="1" covered="1"/><counter type="LINE" missed="2" covered="19"/><counter type="COMPLEXITY" missed="1" covered="1"/><counter type="METHOD" missed="0" covered="1"/></method><method name="updateTicket" desc="(Lcom/parkit/parkingsystem/model/Ticket;)Z" line="73"><counter type="INSTRUCTION" missed="7" covered="40"/><counter type="LINE" missed="3" covered="9"/><counter type="COMPLEXITY" missed="0" covered="1"/><counter type="METHOD" missed="0" covered="1"/></method><method name="getNbTicket" desc="(Ljava/lang/String;)I" line="91"><counter type="INSTRUCTION" missed="5" covered="44"/><counter type="BRANCH" missed="1" covered="1"/><counter type="LINE" missed="2" covered="14"/><counter type="COMPLEXITY" missed="1" covered="1"/><counter type="METHOD" missed="0" covered="1"/></method><method name="&lt;clinit&gt;" desc="()V" line="18"><counter type="INSTRUCTION" missed="0" covered="4"/><counter type="LINE" missed="0" covered="1"/><counter type="COMPLEXITY" missed="0" covered="1"/><counter type="METHOD" missed="0" covered="1"/></method><counter type="INSTRUCTION" missed="48" covered="232"/><counter type="BRANCH" missed="2" covered="4"/><counter type="LINE" missed="9" covered="56"/><counter type="COMPLEXITY" missed="2" covered="7"/><counter type="METHOD" missed="0" covered="6"/><counter type="CLASS" missed="0" covered="1"/></class><class name="com/parkit/parkingsystem/dao/ParkingSpotDAO" sourcefilename="ParkingSpotDAO.java"><method name="&lt;init&gt;" desc="()V" line="14"><counter type="INSTRUCTION" missed="0" covered="8"/><counter type="LINE" missed="0" covered="2"/><counter type="COMPLEXITY" missed="0" covered="1"/><counter type="METHOD" missed="0" covered="1"/></method><method name="getNextAvailableSlot" desc="(Lcom/parkit/parkingsystem/constants/ParkingType;)I" line="20"><counter type="INSTRUCTION" missed="5" covered="41"/><counter type="BRANCH" missed="1" covered="1"/><counter type="LINE" missed="2" covered="12"/><counter type="COMPLEXITY" missed="1" covered="1"/><counter type="METHOD" missed="0" covered="1"/></method><method name="updateParking" desc="(Lcom/parkit/parkingsystem/model/ParkingSpot;)Z" line="42"><counter type="INSTRUCTION" missed="10" covered="39"/><counter type="BRANCH" missed="1" covered="1"/><counter type="LINE" missed="3" covered="9"/><counter type="COMPLEXITY" missed="1" covered="1"/><counter type="METHOD" missed="0" covered="1"/></method><method name="&lt;clinit&gt;" desc="()V" line="15"><counter type="INSTRUCTION" missed="0" covered="4"/><counter type="LINE" missed="0" covered="1"/><counter type="COMPLEXITY" missed="0" covered="1"/><counter type="METHOD" missed="0" covered="1"/></method><counter type="INSTRUCTION" missed="15" covered="92"/><counter type="BRANCH" missed="2" covered="2"/><counter type="LINE" missed="5" covered="24"/><counter type="COMPLEXITY" missed="2" covered="4"/><counter type="METHOD" missed="0" covered="4"/><counter type="CLASS" missed="0" covered="1"/></class><sourcefile name="ParkingSpotDAO.java"><line nr="14" mi="0" ci="2" mb="0" cb="0"/><line nr="15" mi="0" ci="4" mb="0" cb="0"/><line nr="17" mi="0" ci="6" mb="0" cb="0"/><line nr="20" mi="0" ci="2" mb="0" cb="0"/><line nr="21" mi="0" ci="2" mb="0" cb="0"/><line nr="23" mi="0" ci="4" mb="0" cb="0"/><line nr="24" mi="0" ci="4" mb="0" cb="0"/><line nr="25" mi="0" ci="5" mb="0" cb="0"/><line nr="26" mi="0" ci="3" mb="0" cb="0"/><line nr="27" mi="0" ci="3" mb="1" cb="1"/><line nr="28" mi="0" ci="4" mb="0" cb="0"/><line nr="30" mi="0" ci="4" mb="0" cb="0"/><line nr="31" mi="0" ci="4" mb="0" cb="0"/><line nr="32" mi="1" ci="0" mb="0" cb="0"/><line nr="33" mi="4" ci="0" mb="0" cb="0"/><line nr="35" mi="0" ci="4" mb="0" cb="0"/><line nr="37" mi="0" ci="2" mb="0" cb="0"/><line nr="42" mi="0" ci="2" mb="0" cb="0"/><line nr="44" mi="0" ci="4" mb="0" cb="0"/><line nr="45" mi="0" ci="4" mb="0" cb="0"/><line nr="46" mi="0" ci="5" mb="0" cb="0"/><line nr="47" mi="0" ci="5" mb="0" cb="0"/><line nr="48" mi="0" ci="3" mb="0" cb="0"/><line nr="49" mi="0" ci="4" mb="0" cb="0"/><line nr="50" mi="1" ci="8" mb="1" cb="1"/><line nr="51" mi="1" ci="0" mb="0" cb="0"/><line nr="52" mi="4" ci="0" mb="0" cb="0"/><line nr="53" mi="4" ci="0" mb="0" cb="0"/><line nr="55" mi="0" ci="4" mb="0" cb="0"/><counter type="INSTRUCTION" missed="15" covered="92"/><counter type="BRANCH" missed="2" covered="2"/><counter type="LINE" missed="5" covered="24"/><counter type="COMPLEXITY" missed="2" covered="4"/><counter type="METHOD" missed="0" covered="4"/><counter type="CLASS" missed="0" covered="1"/></sourcefile><sourcefile name="TicketDAO.java"><line nr="16" mi="0" ci="2" mb="0" cb="0"/><line nr="18" mi="0" ci="4" mb="0" cb="0"/><line nr="20" mi="0" ci="6" mb="0" cb="0"/><line nr="23" mi="0" ci="2" mb="0" cb="0"/><line nr="25" mi="0" ci="4" mb="0" cb="0"/><line nr="26" mi="0" ci="4" mb="0" cb="0"/><line nr="29" mi="0" ci="6" mb="0" cb="0"/><line nr="30" mi="0" ci="5" mb="0" cb="0"/><line nr="31" mi="0" ci="5" mb="0" cb="0"/><line nr="32" mi="0" ci="9" mb="0" cb="0"/><line nr="33" mi="0" ci="14" mb="0" cb="2"/><line nr="34" mi="0" ci="3" mb="0" cb="0"/><line nr="35" mi="1" ci="0" mb="0" cb="0"/><line nr="36" mi="4" ci="0" mb="0" cb="0"/><line nr="38" mi="9" ci="4" mb="0" cb="0"/><line nr="39" mi="4" ci="2" mb="0" cb="0"/><line nr="44" mi="0" ci="2" mb="0" cb="0"/><line nr="45" mi="0" ci="2" mb="0" cb="0"/><line nr="47" mi="0" ci="4" mb="0" cb="0"/><line nr="48" mi="0" ci="4" mb="0" cb="0"/><line nr="50" mi="0" ci="4" mb="0" cb="0"/><line nr="51" mi="0" ci="3" mb="0" cb="0"/><line nr="52" mi="0" ci="3" mb="1" cb="1"/><line nr="53" mi="0" ci="4" mb="0" cb="0"/><line nr="54" mi="0" ci="12" mb="0" cb="0"/><line nr="55" mi="0" ci="3" mb="0" cb="0"/><line nr="56" mi="0" ci="5" mb="0" cb="0"/><line nr="57" mi="0" ci="3" mb="0" cb="0"/><line nr="58" mi="0" ci="5" mb="0" cb="0"/><line nr="59" mi="0" ci="5" mb="0" cb="0"/><line nr="60" mi="0" ci="5" mb="0" cb="0"/><line nr="62" mi="0" ci="4" mb="0" cb="0"/><line nr="63" mi="0" ci="4" mb="0" cb="0"/><line nr="64" mi="1" ci="0" mb="0" cb="0"/><line nr="65" mi="4" ci="0" mb="0" cb="0"/><line nr="67" mi="9" ci="4" mb="0" cb="0"/><line nr="68" mi="4" ci="2" mb="0" cb="0"/><line nr="73" mi="0" ci="2" mb="0" cb="0"/><line nr="75" mi="0" ci="4" mb="0" cb="0"/><line nr="76" mi="0" ci="4" mb="0" cb="0"/><line nr="77" mi="0" ci="5" mb="0" cb="0"/><line nr="78" mi="0" ci="9" mb="0" cb="0"/><line nr="79" mi="0" ci="5" mb="0" cb="0"/><line nr="80" mi="0" ci="3" mb="0" cb="0"/><line nr="81" mi="0" ci="4" mb="0" cb="0"/><line nr="82" mi="1" ci="0" mb="0" cb="0"/><line nr="83" mi="4" ci="0" mb="0" cb="0"/><line nr="85" mi="0" ci="4" mb="0" cb="0"/><line nr="87" mi="2" ci="0" mb="0" cb="0"/><line nr="91" mi="0" ci="2" mb="0" cb="0"/><line nr="92" mi="0" ci="2" mb="0" cb="0"/><line nr="93" mi="0" ci="2" mb="0" cb="0"/><line nr="94" mi="0" ci="2" mb="0" cb="0"/><line nr="97" mi="0" ci="4" mb="0" cb="0"/><line nr="98" mi="0" ci="4" mb="0" cb="0"/><line nr="99" mi="0" ci="4" mb="0" cb="0"/><line nr="100" mi="0" ci="3" mb="0" cb="0"/><line nr="101" mi="0" ci="3" mb="1" cb="1"/><line nr="102" mi="0" ci="4" mb="0" cb="0"/><line nr="106" mi="1" ci="0" mb="0" cb="0"/><line nr="107" mi="4" ci="0" mb="0" cb="0"/><line nr="110" mi="0" ci="4" mb="0" cb="0"/><line nr="111" mi="0" ci="4" mb="0" cb="0"/><line nr="112" mi="0" ci="4" mb="0" cb="0"/><line nr="114" mi="0" ci="2" mb="0" cb="0"/><counter type="INSTRUCTION" missed="48" covered="232"/><counter type="BRANCH" missed="2" covered="4"/><counter type="LINE" missed="9" covered="56"/><counter type="COMPLEXITY" missed="2" covered="7"/><counter type="METHOD" missed="0" covered="6"/><counter type="CLASS" missed="0" covered="1"/></sourcefile><counter type="INSTRUCTION" missed="63" covered="324"/><counter type="BRANCH" missed="4" covered="6"/><counter type="LINE" missed="14" covered="80"/><counter type="COMPLEXITY" missed="4" covered="11"/><counter type="METHOD" missed="0" covered="10"/><counter type="CLASS" missed="0" covered="2"/></package><package name="com/parkit/parkingsystem/config"><class name="com/parkit/parkingsystem/config/DataBaseConfig" sourcefilename="DataBaseConfig.java"><method name="&lt;init&gt;" desc="()V" line="8"><counter type="INSTRUCTION" missed="0" covered="3"/><counter type="LINE" missed="0" covered="1"/><counter type="COMPLEXITY" missed="0" covered="1"/><counter type="METHOD" missed="0" covered="1"/></method><method name="getConnection" desc="()Ljava/sql/Connection;" line="13"><counter type="INSTRUCTION" missed="11" covered="0"/><counter type="LINE" missed="3" covered="0"/><counter type="COMPLEXITY" missed="1" covered="0"/><counter type="METHOD" missed="1" covered="0"/></method><method name="closeConnection" desc="(Ljava/sql/Connection;)V" line="20"><counter type="INSTRUCTION" missed="14" covered="0"/><counter type="BRANCH" missed="2" covered="0"/><counter type="LINE" missed="7" covered="0"/><counter type="COMPLEXITY" missed="2" covered="0"/><counter type="METHOD" missed="1" covered="0"/></method><method name="closePreparedStatement" desc="(Ljava/sql/PreparedStatement;)V" line="31"><counter type="INSTRUCTION" missed="14" covered="0"/><counter type="BRANCH" missed="2" covered="0"/><counter type="LINE" missed="7" covered="0"/><counter type="COMPLEXITY" missed="2" covered="0"/><counter type="METHOD" missed="1" covered="0"/></method><method name="closeResultSet" desc="(Ljava/sql/ResultSet;)V" line="42"><counter type="INSTRUCTION" missed="14" covered="0"/><counter type="BRANCH" missed="2" covered="0"/><counter type="LINE" missed="7" covered="0"/><counter type="COMPLEXITY" missed="2" covered="0"/><counter type="METHOD" missed="1" covered="0"/></method><method name="&lt;clinit&gt;" desc="()V" line="10"><counter type="INSTRUCTION" missed="0" covered="4"/><counter type="LINE" missed="0" covered="1"/><counter type="COMPLEXITY" missed="0" covered="1"/><counter type="METHOD" missed="0" covered="1"/></method><counter type="INSTRUCTION" missed="53" covered="7"/><counter type="BRANCH" missed="6" covered="0"/><counter type="LINE" missed="24" covered="2"/><counter type="COMPLEXITY" missed="7" covered="2"/><counter type="METHOD" missed="4" covered="2"/><counter type="CLASS" missed="0" covered="1"/></class><sourcefile name="DataBaseConfig.java"><line nr="8" mi="0" ci="3" mb="0" cb="0"/><line nr="10" mi="0" ci="4" mb="0" cb="0"/><line nr="13" mi="3" ci="0" mb="0" cb="0"/><line nr="14" mi="3" ci="0" mb="0" cb="0"/><line nr="15" mi="5" ci="0" mb="0" cb="0"/><line nr="20" mi="2" ci="0" mb="2" cb="0"/><line nr="22" mi="2" ci="0" mb="0" cb="0"/><line nr="23" mi="3" ci="0" mb="0" cb="0"/><line nr="24" mi="1" ci="0" mb="0" cb="0"/><line nr="25" mi="4" ci="0" mb="0" cb="0"/><line nr="26" mi="1" ci="0" mb="0" cb="0"/><line nr="28" mi="1" ci="0" mb="0" cb="0"/><line nr="31" mi="2" ci="0" mb="2" cb="0"/><line nr="33" mi="2" ci="0" mb="0" cb="0"/><line nr="34" mi="3" ci="0" mb="0" cb="0"/><line nr="35" mi="1" ci="0" mb="0" cb="0"/><line nr="36" mi="4" ci="0" mb="0" cb="0"/><line nr="37" mi="1" ci="0" mb="0" cb="0"/><line nr="39" mi="1" ci="0" mb="0" cb="0"/><line nr="42" mi="2" ci="0" mb="2" cb="0"/><line nr="44" mi="2" ci="0" mb="0" cb="0"/><line nr="45" mi="3" ci="0" mb="0" cb="0"/><line nr="46" mi="1" ci="0" mb="0" cb="0"/><line nr="47" mi="4" ci="0" mb="0" cb="0"/><line nr="48" mi="1" ci="0" mb="0" cb="0"/><line nr="50" mi="1" ci="0" mb="0" cb="0"/><counter type="INSTRUCTION" missed="53" covered="7"/><counter type="BRANCH" missed="6" covered="0"/><counter type="LINE" missed="24" covered="2"/><counter type="COMPLEXITY" missed="7" covered="2"/><counter type="METHOD" missed="4" covered="2"/><counter type="CLASS" missed="0" covered="1"/></sourcefile><counter type="INSTRUCTION" missed="53" covered="7"/><counter type="BRANCH" missed="6" covered="0"/><counter type="LINE" missed="24" covered="2"/><counter type="COMPLEXITY" missed="7" covered="2"/><counter type="METHOD" missed="4" covered="2"/><counter type="CLASS" missed="0" covered="1"/></package><counter type="INSTRUCTION" missed="272" covered="738"/><counter type="BRANCH" missed="26" covered="26"/><counter type="LINE" missed="96" covered="200"/><counter type="COMPLEXITY" missed="37" covered="51"/><counter type="METHOD" missed="18" covered="42"/><counter type="CLASS" missed="4" covered="9"/></report>